[0.398s] Invoking command in '/workspace/build/openclaw_monitor': PYTHONPATH=/workspace/build/openclaw_monitor/prefix_override:/usr/lib/python3/dist-packages/colcon_core/task/python/colcon_distutils_commands:/workspace/install/openclaw_monitor/lib/python3.12/site-packages:${PYTHONPATH} /usr/bin/python3 -W ignore:setup.py install is deprecated -W ignore:easy_install command is deprecated setup.py develop --editable --build-directory /workspace/build/openclaw_monitor/build --no-deps symlink_data
[0.532s] running develop
[0.592s] running egg_info
[0.592s] creating openclaw_monitor.egg-info
[0.598s] writing openclaw_monitor.egg-info/PKG-INFO
[0.598s] writing dependency_links to openclaw_monitor.egg-info/dependency_links.txt
[0.598s] writing entry points to openclaw_monitor.egg-info/entry_points.txt
[0.598s] writing requirements to openclaw_monitor.egg-info/requires.txt
[0.598s] writing top-level names to openclaw_monitor.egg-info/top_level.txt
[0.598s] writing manifest file 'openclaw_monitor.egg-info/SOURCES.txt'
[0.610s] reading manifest file 'openclaw_monitor.egg-info/SOURCES.txt'
[0.610s] writing manifest file 'openclaw_monitor.egg-info/SOURCES.txt'
[0.617s] running build_ext
[0.617s] Creating /workspace/install/openclaw_monitor/lib/python3.12/site-packages/openclaw-monitor.egg-link (link to .)
[0.617s] Installing openclaw_monitor script to /workspace/install/openclaw_monitor/bin
[0.617s] 
[0.617s] Installed /workspace/build/openclaw_monitor
[0.617s] running symlink_data
[0.617s] creating /workspace/install/openclaw_monitor/share/ament_index
[0.618s] creating /workspace/install/openclaw_monitor/share/ament_index/resource_index
[0.618s] creating /workspace/install/openclaw_monitor/share/ament_index/resource_index/packages
[0.618s] symbolically linking /workspace/build/openclaw_monitor/resource/openclaw_monitor -> /workspace/install/openclaw_monitor/share/ament_index/resource_index/packages
[0.618s] symbolically linking /workspace/build/openclaw_monitor/package.xml -> /workspace/install/openclaw_monitor/share/openclaw_monitor
[0.635s] Invoked command in '/workspace/build/openclaw_monitor' returned '0': PYTHONPATH=/workspace/build/openclaw_monitor/prefix_override:/usr/lib/python3/dist-packages/colcon_core/task/python/colcon_distutils_commands:/workspace/install/openclaw_monitor/lib/python3.12/site-packages:${PYTHONPATH} /usr/bin/python3 -W ignore:setup.py install is deprecated -W ignore:easy_install command is deprecated setup.py develop --editable --build-directory /workspace/build/openclaw_monitor/build --no-deps symlink_data
