[0.059s] DEBUG:colcon:Command line arguments: ['/usr/bin/colcon', 'build', '--symlink-install']
[0.059s] DEBUG:colcon:Parsed command line arguments: Namespace(log_base=None, log_level=None, verb_name='build', build_base='build', install_base='install', merge_install=False, symlink_install=True, test_result_base=None, continue_on_error=False, executor='parallel', parallel_workers=32, event_handlers=None, ignore_user_meta=False, metas=['./colcon.meta'], base_paths=['.'], packages_ignore=None, packages_ignore_regex=None, paths=None, packages_up_to=None, packages_up_to_regex=None, packages_above=None, packages_above_and_dependencies=None, packages_above_depth=None, packages_select_by_dep=None, packages_skip_by_dep=None, packages_skip_up_to=None, packages_select_build_failed=False, packages_skip_build_finished=False, packages_select_test_failures=False, packages_skip_test_passed=False, packages_select=None, packages_skip=None, packages_select_regex=None, packages_skip_regex=None, packages_start=None, packages_end=None, cmake_args=None, cmake_target=None, cmake_target_skip_unavailable=False, cmake_clean_cache=False, cmake_clean_first=False, cmake_force_configure=False, ament_cmake_args=None, catkin_cmake_args=None, catkin_skip_building_tests=False, mixin_files=None, mixin=None, verb_parser=<colcon_mixin.mixin.mixin_argument.MixinArgumentDecorator object at 0x71fafea85070>, verb_extension=<colcon_core.verb.build.BuildVerb object at 0x71fafec03170>, main=<bound method BuildVerb.main of <colcon_core.verb.build.BuildVerb object at 0x71fafec03170>>, mixin_verb=('build',))
[0.082s] Level 1:colcon.colcon_core.package_discovery:discover_packages(colcon_meta) check parameters
[0.082s] INFO:colcon.colcon_metadata.package_discovery.colcon_meta:Using configuration from '/root/.colcon/metadata/default/Gazebo.meta'
[0.082s] INFO:colcon.colcon_metadata.package_discovery.colcon_meta:Using configuration from '/root/.colcon/metadata/default/fastdds.meta'
[0.082s] INFO:colcon.colcon_metadata.package_discovery.colcon_meta:Using configuration from '/root/.colcon/metadata/default/fastrtps.meta'
[0.082s] Level 1:colcon.colcon_core.package_discovery:discover_packages(recursive) check parameters
[0.083s] Level 1:colcon.colcon_core.package_discovery:discover_packages(ignore) check parameters
[0.083s] Level 1:colcon.colcon_core.package_discovery:discover_packages(path) check parameters
[0.083s] Level 1:colcon.colcon_core.package_discovery:discover_packages(colcon_meta) discover
[0.083s] Level 1:colcon.colcon_core.package_discovery:discover_packages(recursive) discover
[0.083s] INFO:colcon.colcon_core.package_discovery:Crawling recursively for packages in '/workspace'
[0.083s] Level 1:colcon.colcon_core.package_identification:_identify(.) by extensions ['ignore', 'ignore_ament_install']
[0.083s] Level 1:colcon.colcon_core.package_identification:_identify(.) by extension 'ignore'
[0.083s] Level 1:colcon.colcon_core.package_identification:_identify(.) by extension 'ignore_ament_install'
[0.083s] Level 1:colcon.colcon_core.package_identification:_identify(.) by extensions ['colcon_pkg']
[0.083s] Level 1:colcon.colcon_core.package_identification:_identify(.) by extension 'colcon_pkg'
[0.083s] Level 1:colcon.colcon_core.package_identification:_identify(.) by extensions ['colcon_meta']
[0.083s] Level 1:colcon.colcon_core.package_identification:_identify(.) by extension 'colcon_meta'
[0.083s] Level 1:colcon.colcon_core.package_identification:_identify(.) by extensions ['ros']
[0.083s] Level 1:colcon.colcon_core.package_identification:_identify(.) by extension 'ros'
[0.096s] Level 1:colcon.colcon_core.package_identification:_identify(.) by extensions ['cmake', 'python']
[0.096s] Level 1:colcon.colcon_core.package_identification:_identify(.) by extension 'cmake'
[0.097s] Level 1:colcon.colcon_core.package_identification:_identify(.) by extension 'python'
[0.097s] Level 1:colcon.colcon_core.package_identification:_identify(.) by extensions ['python_setup_py']
[0.097s] Level 1:colcon.colcon_core.package_identification:_identify(.) by extension 'python_setup_py'
[0.097s] Level 1:colcon.colcon_core.package_identification:_identify(build) by extensions ['ignore', 'ignore_ament_install']
[0.097s] Level 1:colcon.colcon_core.package_identification:_identify(build) by extension 'ignore'
[0.097s] Level 1:colcon.colcon_core.package_identification:_identify(build) ignored
[0.097s] Level 1:colcon.colcon_core.package_identification:_identify(install) by extensions ['ignore', 'ignore_ament_install']
[0.097s] Level 1:colcon.colcon_core.package_identification:_identify(install) by extension 'ignore'
[0.097s] Level 1:colcon.colcon_core.package_identification:_identify(install) ignored
[0.097s] Level 1:colcon.colcon_core.package_identification:_identify(log) by extensions ['ignore', 'ignore_ament_install']
[0.097s] Level 1:colcon.colcon_core.package_identification:_identify(log) by extension 'ignore'
[0.097s] Level 1:colcon.colcon_core.package_identification:_identify(log) ignored
[0.097s] Level 1:colcon.colcon_core.package_identification:_identify(monitor) by extensions ['ignore', 'ignore_ament_install']
[0.097s] Level 1:colcon.colcon_core.package_identification:_identify(monitor) by extension 'ignore'
[0.097s] Level 1:colcon.colcon_core.package_identification:_identify(monitor) by extension 'ignore_ament_install'
[0.097s] Level 1:colcon.colcon_core.package_identification:_identify(monitor) by extensions ['colcon_pkg']
[0.097s] Level 1:colcon.colcon_core.package_identification:_identify(monitor) by extension 'colcon_pkg'
[0.097s] Level 1:colcon.colcon_core.package_identification:_identify(monitor) by extensions ['colcon_meta']
[0.097s] Level 1:colcon.colcon_core.package_identification:_identify(monitor) by extension 'colcon_meta'
[0.097s] Level 1:colcon.colcon_core.package_identification:_identify(monitor) by extensions ['ros']
[0.097s] Level 1:colcon.colcon_core.package_identification:_identify(monitor) by extension 'ros'
[0.099s] DEBUG:colcon.colcon_core.package_identification:Package 'monitor' with type 'ros.ament_python' and name 'openclaw_monitor'
[0.099s] Level 1:colcon.colcon_core.package_identification:_identify(openclaw) by extensions ['ignore', 'ignore_ament_install']
[0.099s] Level 1:colcon.colcon_core.package_identification:_identify(openclaw) by extension 'ignore'
[0.099s] Level 1:colcon.colcon_core.package_identification:_identify(openclaw) by extension 'ignore_ament_install'
[0.099s] Level 1:colcon.colcon_core.package_identification:_identify(openclaw) by extensions ['colcon_pkg']
[0.099s] Level 1:colcon.colcon_core.package_identification:_identify(openclaw) by extension 'colcon_pkg'
[0.099s] Level 1:colcon.colcon_core.package_identification:_identify(openclaw) by extensions ['colcon_meta']
[0.099s] Level 1:colcon.colcon_core.package_identification:_identify(openclaw) by extension 'colcon_meta'
[0.099s] Level 1:colcon.colcon_core.package_identification:_identify(openclaw) by extensions ['ros']
[0.099s] Level 1:colcon.colcon_core.package_identification:_identify(openclaw) by extension 'ros'
[0.099s] DEBUG:colcon.colcon_core.package_identification:Package 'openclaw' with type 'ros.ament_python' and name 'openclaw'
[0.099s] Level 1:colcon.colcon_core.package_identification:_identify(openclaw_msgs) by extensions ['ignore', 'ignore_ament_install']
[0.099s] Level 1:colcon.colcon_core.package_identification:_identify(openclaw_msgs) by extension 'ignore'
[0.099s] Level 1:colcon.colcon_core.package_identification:_identify(openclaw_msgs) by extension 'ignore_ament_install'
[0.099s] Level 1:colcon.colcon_core.package_identification:_identify(openclaw_msgs) by extensions ['colcon_pkg']
[0.099s] Level 1:colcon.colcon_core.package_identification:_identify(openclaw_msgs) by extension 'colcon_pkg'
[0.099s] Level 1:colcon.colcon_core.package_identification:_identify(openclaw_msgs) by extensions ['colcon_meta']
[0.099s] Level 1:colcon.colcon_core.package_identification:_identify(openclaw_msgs) by extension 'colcon_meta'
[0.100s] Level 1:colcon.colcon_core.package_identification:_identify(openclaw_msgs) by extensions ['ros']
[0.100s] Level 1:colcon.colcon_core.package_identification:_identify(openclaw_msgs) by extension 'ros'
[0.100s] DEBUG:colcon.colcon_core.package_identification:Package 'openclaw_msgs' with type 'ros.catkin' and name 'openclaw_msgs'
[0.100s] Level 1:colcon.colcon_core.package_identification:_identify(skills) by extensions ['ignore', 'ignore_ament_install']
[0.100s] Level 1:colcon.colcon_core.package_identification:_identify(skills) by extension 'ignore'
[0.100s] Level 1:colcon.colcon_core.package_identification:_identify(skills) by extension 'ignore_ament_install'
[0.100s] Level 1:colcon.colcon_core.package_identification:_identify(skills) by extensions ['colcon_pkg']
[0.100s] Level 1:colcon.colcon_core.package_identification:_identify(skills) by extension 'colcon_pkg'
[0.100s] Level 1:colcon.colcon_core.package_identification:_identify(skills) by extensions ['colcon_meta']
[0.100s] Level 1:colcon.colcon_core.package_identification:_identify(skills) by extension 'colcon_meta'
[0.100s] Level 1:colcon.colcon_core.package_identification:_identify(skills) by extensions ['ros']
[0.100s] Level 1:colcon.colcon_core.package_identification:_identify(skills) by extension 'ros'
[0.100s] Level 1:colcon.colcon_core.package_identification:_identify(skills) by extensions ['cmake', 'python']
[0.100s] Level 1:colcon.colcon_core.package_identification:_identify(skills) by extension 'cmake'
[0.100s] Level 1:colcon.colcon_core.package_identification:_identify(skills) by extension 'python'
[0.100s] Level 1:colcon.colcon_core.package_identification:_identify(skills) by extensions ['python_setup_py']
[0.100s] Level 1:colcon.colcon_core.package_identification:_identify(skills) by extension 'python_setup_py'
[0.100s] Level 1:colcon.colcon_core.package_discovery:discover_packages(recursive) using defaults
[0.100s] Level 1:colcon.colcon_core.package_discovery:discover_packages(ignore) discover
[0.100s] Level 1:colcon.colcon_core.package_discovery:discover_packages(ignore) using defaults
[0.100s] Level 1:colcon.colcon_core.package_discovery:discover_packages(path) discover
[0.100s] Level 1:colcon.colcon_core.package_discovery:discover_packages(path) using defaults
[0.109s] Level 5:colcon.colcon_core.verb:set package 'openclaw' build argument 'cmake_args' from command line to 'None'
[0.109s] Level 5:colcon.colcon_core.verb:set package 'openclaw' build argument 'cmake_target' from command line to 'None'
[0.109s] Level 5:colcon.colcon_core.verb:set package 'openclaw' build argument 'cmake_target_skip_unavailable' from command line to 'False'
[0.109s] Level 5:colcon.colcon_core.verb:set package 'openclaw' build argument 'cmake_clean_cache' from command line to 'False'
[0.109s] Level 5:colcon.colcon_core.verb:set package 'openclaw' build argument 'cmake_clean_first' from command line to 'False'
[0.109s] Level 5:colcon.colcon_core.verb:set package 'openclaw' build argument 'cmake_force_configure' from command line to 'False'
[0.109s] Level 5:colcon.colcon_core.verb:set package 'openclaw' build argument 'ament_cmake_args' from command line to 'None'
[0.109s] Level 5:colcon.colcon_core.verb:set package 'openclaw' build argument 'catkin_cmake_args' from command line to 'None'
[0.109s] Level 5:colcon.colcon_core.verb:set package 'openclaw' build argument 'catkin_skip_building_tests' from command line to 'False'
[0.109s] DEBUG:colcon.colcon_core.verb:Building package 'openclaw' with the following arguments: {'ament_cmake_args': None, 'build_base': '/workspace/build/openclaw', 'catkin_cmake_args': None, 'catkin_skip_building_tests': False, 'cmake_args': None, 'cmake_clean_cache': False, 'cmake_clean_first': False, 'cmake_force_configure': False, 'cmake_target': None, 'cmake_target_skip_unavailable': False, 'install_base': '/workspace/install/openclaw', 'merge_install': False, 'path': '/workspace/openclaw', 'symlink_install': True, 'test_result_base': None}
[0.110s] Level 5:colcon.colcon_core.verb:set package 'openclaw_monitor' build argument 'cmake_args' from command line to 'None'
[0.110s] Level 5:colcon.colcon_core.verb:set package 'openclaw_monitor' build argument 'cmake_target' from command line to 'None'
[0.110s] Level 5:colcon.colcon_core.verb:set package 'openclaw_monitor' build argument 'cmake_target_skip_unavailable' from command line to 'False'
[0.110s] Level 5:colcon.colcon_core.verb:set package 'openclaw_monitor' build argument 'cmake_clean_cache' from command line to 'False'
[0.110s] Level 5:colcon.colcon_core.verb:set package 'openclaw_monitor' build argument 'cmake_clean_first' from command line to 'False'
[0.110s] Level 5:colcon.colcon_core.verb:set package 'openclaw_monitor' build argument 'cmake_force_configure' from command line to 'False'
[0.110s] Level 5:colcon.colcon_core.verb:set package 'openclaw_monitor' build argument 'ament_cmake_args' from command line to 'None'
[0.110s] Level 5:colcon.colcon_core.verb:set package 'openclaw_monitor' build argument 'catkin_cmake_args' from command line to 'None'
[0.110s] Level 5:colcon.colcon_core.verb:set package 'openclaw_monitor' build argument 'catkin_skip_building_tests' from command line to 'False'
[0.110s] DEBUG:colcon.colcon_core.verb:Building package 'openclaw_monitor' with the following arguments: {'ament_cmake_args': None, 'build_base': '/workspace/build/openclaw_monitor', 'catkin_cmake_args': None, 'catkin_skip_building_tests': False, 'cmake_args': None, 'cmake_clean_cache': False, 'cmake_clean_first': False, 'cmake_force_configure': False, 'cmake_target': None, 'cmake_target_skip_unavailable': False, 'install_base': '/workspace/install/openclaw_monitor', 'merge_install': False, 'path': '/workspace/monitor', 'symlink_install': True, 'test_result_base': None}
[0.110s] Level 5:colcon.colcon_core.verb:set package 'openclaw_msgs' build argument 'cmake_args' from command line to 'None'
[0.110s] Level 5:colcon.colcon_core.verb:set package 'openclaw_msgs' build argument 'cmake_target' from command line to 'None'
[0.110s] Level 5:colcon.colcon_core.verb:set package 'openclaw_msgs' build argument 'cmake_target_skip_unavailable' from command line to 'False'
[0.110s] Level 5:colcon.colcon_core.verb:set package 'openclaw_msgs' build argument 'cmake_clean_cache' from command line to 'False'
[0.110s] Level 5:colcon.colcon_core.verb:set package 'openclaw_msgs' build argument 'cmake_clean_first' from command line to 'False'
[0.110s] Level 5:colcon.colcon_core.verb:set package 'openclaw_msgs' build argument 'cmake_force_configure' from command line to 'False'
[0.110s] Level 5:colcon.colcon_core.verb:set package 'openclaw_msgs' build argument 'ament_cmake_args' from command line to 'None'
[0.110s] Level 5:colcon.colcon_core.verb:set package 'openclaw_msgs' build argument 'catkin_cmake_args' from command line to 'None'
[0.110s] Level 5:colcon.colcon_core.verb:set package 'openclaw_msgs' build argument 'catkin_skip_building_tests' from command line to 'False'
[0.110s] DEBUG:colcon.colcon_core.verb:Building package 'openclaw_msgs' with the following arguments: {'ament_cmake_args': None, 'build_base': '/workspace/build/openclaw_msgs', 'catkin_cmake_args': None, 'catkin_skip_building_tests': False, 'cmake_args': None, 'cmake_clean_cache': False, 'cmake_clean_first': False, 'cmake_force_configure': False, 'cmake_target': None, 'cmake_target_skip_unavailable': False, 'install_base': '/workspace/install/openclaw_msgs', 'merge_install': False, 'path': '/workspace/openclaw_msgs', 'symlink_install': True, 'test_result_base': None}
[0.110s] INFO:colcon.colcon_core.executor:Executing jobs using 'parallel' executor
[0.111s] DEBUG:colcon.colcon_parallel_executor.executor.parallel:run_until_complete
[0.111s] INFO:colcon.colcon_ros.task.ament_python.build:Building ROS package in '/workspace/openclaw' with build type 'ament_python'
[0.111s] Level 1:colcon.colcon_core.shell:create_environment_hook('openclaw', 'ament_prefix_path')
[0.112s] INFO:colcon.colcon_core.plugin_system:Skipping extension 'colcon_core.shell.bat': Not used on non-Windows systems
[0.112s] INFO:colcon.colcon_core.shell:Creating environment hook '/workspace/install/openclaw/share/openclaw/hook/ament_prefix_path.ps1'
[0.112s] INFO:colcon.colcon_core.shell:Creating environment descriptor '/workspace/install/openclaw/share/openclaw/hook/ament_prefix_path.dsv'
[0.113s] INFO:colcon.colcon_core.shell:Creating environment hook '/workspace/install/openclaw/share/openclaw/hook/ament_prefix_path.sh'
[0.113s] INFO:colcon.colcon_core.shell:Skip shell extension 'powershell' for command environment: Not usable outside of PowerShell
[0.113s] DEBUG:colcon.colcon_core.shell:Skip shell extension 'dsv' for command environment
[0.115s] INFO:colcon.colcon_ros.task.ament_python.build:Building ROS package in '/workspace/monitor' with build type 'ament_python'
[0.115s] Level 1:colcon.colcon_core.shell:create_environment_hook('openclaw_monitor', 'ament_prefix_path')
[0.115s] INFO:colcon.colcon_core.shell:Creating environment hook '/workspace/install/openclaw_monitor/share/openclaw_monitor/hook/ament_prefix_path.ps1'
[0.115s] INFO:colcon.colcon_core.shell:Creating environment descriptor '/workspace/install/openclaw_monitor/share/openclaw_monitor/hook/ament_prefix_path.dsv'
[0.115s] INFO:colcon.colcon_core.shell:Creating environment hook '/workspace/install/openclaw_monitor/share/openclaw_monitor/hook/ament_prefix_path.sh'
[0.116s] INFO:colcon.colcon_core.shell:Skip shell extension 'powershell' for command environment: Not usable outside of PowerShell
[0.116s] DEBUG:colcon.colcon_core.shell:Skip shell extension 'dsv' for command environment
[0.117s] INFO:colcon.colcon_ros.task.catkin.build:Building ROS package in '/workspace/openclaw_msgs' with build type 'catkin'
[0.117s] INFO:colcon.colcon_cmake.task.cmake.build:Building CMake package in '/workspace/openclaw_msgs'
[0.117s] INFO:colcon.colcon_core.shell:Skip shell extension 'powershell' for command environment: Not usable outside of PowerShell
[0.117s] DEBUG:colcon.colcon_core.shell:Skip shell extension 'dsv' for command environment
[0.205s] INFO:colcon.colcon_core.task.python.build:Building Python package in '/workspace/openclaw'
[0.206s] INFO:colcon.colcon_core.shell:Skip shell extension 'powershell' for command environment: Not usable outside of PowerShell
[0.206s] DEBUG:colcon.colcon_core.shell:Skip shell extension 'dsv' for command environment
[0.298s] INFO:colcon.colcon_core.task.python.build:Building Python package in '/workspace/monitor'
[0.299s] INFO:colcon.colcon_core.shell:Skip shell extension 'powershell' for command environment: Not usable outside of PowerShell
[0.299s] DEBUG:colcon.colcon_core.shell:Skip shell extension 'dsv' for command environment
[0.301s] DEBUG:colcon.colcon_core.event_handler.log_command:Invoking command in '/workspace/build/openclaw_msgs': /usr/bin/cmake /workspace/openclaw_msgs -DCATKIN_INSTALL_INTO_PREFIX_ROOT=0 -DCATKIN_SYMLINK_INSTALL=ON -DCMAKE_INSTALL_PREFIX=/workspace/install/openclaw_msgs
[0.511s] DEBUG:colcon.colcon_core.event_handler.log_command:Invoking command in '/workspace/build/openclaw': PYTHONPATH=/workspace/build/openclaw/prefix_override:/usr/lib/python3/dist-packages/colcon_core/task/python/colcon_distutils_commands:/workspace/install/openclaw/lib/python3.12/site-packages:${PYTHONPATH} /usr/bin/python3 -W ignore:setup.py install is deprecated -W ignore:easy_install command is deprecated setup.py develop --editable --build-directory /workspace/build/openclaw/build --no-deps symlink_data
[0.513s] DEBUG:colcon.colcon_core.event_handler.log_command:Invoking command in '/workspace/build/openclaw_monitor': PYTHONPATH=/workspace/build/openclaw_monitor/prefix_override:/usr/lib/python3/dist-packages/colcon_core/task/python/colcon_distutils_commands:/workspace/install/openclaw_monitor/lib/python3.12/site-packages:${PYTHONPATH} /usr/bin/python3 -W ignore:setup.py install is deprecated -W ignore:easy_install command is deprecated setup.py develop --editable --build-directory /workspace/build/openclaw_monitor/build --no-deps symlink_data
[0.750s] Level 1:colcon.colcon_core.shell:create_environment_hook('openclaw_monitor', 'pythonpath_develop')
[0.750s] INFO:colcon.colcon_core.shell:Creating environment hook '/workspace/build/openclaw_monitor/share/openclaw_monitor/hook/pythonpath_develop.ps1'
[0.750s] DEBUG:colcon.colcon_core.event_handler.log_command:Invoked command in '/workspace/build/openclaw_monitor' returned '0': PYTHONPATH=/workspace/build/openclaw_monitor/prefix_override:/usr/lib/python3/dist-packages/colcon_core/task/python/colcon_distutils_commands:/workspace/install/openclaw_monitor/lib/python3.12/site-packages:${PYTHONPATH} /usr/bin/python3 -W ignore:setup.py install is deprecated -W ignore:easy_install command is deprecated setup.py develop --editable --build-directory /workspace/build/openclaw_monitor/build --no-deps symlink_data
[0.751s] INFO:colcon.colcon_core.shell:Creating environment descriptor '/workspace/build/openclaw_monitor/share/openclaw_monitor/hook/pythonpath_develop.dsv'
[0.751s] INFO:colcon.colcon_core.shell:Creating environment hook '/workspace/build/openclaw_monitor/share/openclaw_monitor/hook/pythonpath_develop.sh'
[0.752s] Level 1:colcon.colcon_core.environment:checking '/workspace/install/openclaw_monitor' for CMake module files
[0.753s] Level 1:colcon.colcon_core.environment:checking '/workspace/install/openclaw_monitor' for CMake config files
[0.753s] Level 1:colcon.colcon_core.environment:checking '/workspace/install/openclaw_monitor/lib'
[0.753s] Level 1:colcon.colcon_core.environment:checking '/workspace/install/openclaw_monitor/bin'
[0.753s] Level 1:colcon.colcon_core.shell:create_environment_hook('openclaw_monitor', 'path')
[0.753s] INFO:colcon.colcon_core.shell:Creating environment hook '/workspace/install/openclaw_monitor/share/openclaw_monitor/hook/path.ps1'
[0.753s] INFO:colcon.colcon_core.shell:Creating environment descriptor '/workspace/install/openclaw_monitor/share/openclaw_monitor/hook/path.dsv'
[0.753s] INFO:colcon.colcon_core.shell:Creating environment hook '/workspace/install/openclaw_monitor/share/openclaw_monitor/hook/path.sh'
[0.754s] Level 1:colcon.colcon_core.environment:checking '/workspace/install/openclaw_monitor/lib/pkgconfig/openclaw_monitor.pc'
[0.754s] Level 1:colcon.colcon_core.environment:checking '/workspace/install/openclaw_monitor/lib/python3.12/site-packages'
[0.754s] Level 1:colcon.colcon_core.shell:create_environment_hook('openclaw_monitor', 'pythonpath')
[0.754s] INFO:colcon.colcon_core.shell:Creating environment hook '/workspace/install/openclaw_monitor/share/openclaw_monitor/hook/pythonpath.ps1'
[0.754s] INFO:colcon.colcon_core.shell:Creating environment descriptor '/workspace/install/openclaw_monitor/share/openclaw_monitor/hook/pythonpath.dsv'
[0.754s] INFO:colcon.colcon_core.shell:Creating environment hook '/workspace/install/openclaw_monitor/share/openclaw_monitor/hook/pythonpath.sh'
[0.755s] Level 1:colcon.colcon_core.environment:checking '/workspace/install/openclaw_monitor/bin'
[0.755s] Level 1:colcon.colcon_core.shell:create_environment_hook('openclaw_monitor', 'pythonscriptspath')
[0.755s] INFO:colcon.colcon_core.shell:Creating environment hook '/workspace/install/openclaw_monitor/share/openclaw_monitor/hook/pythonscriptspath.ps1'
[0.755s] INFO:colcon.colcon_core.shell:Creating environment descriptor '/workspace/install/openclaw_monitor/share/openclaw_monitor/hook/pythonscriptspath.dsv'
[0.755s] INFO:colcon.colcon_core.shell:Creating environment hook '/workspace/install/openclaw_monitor/share/openclaw_monitor/hook/pythonscriptspath.sh'
[0.755s] Level 1:colcon.colcon_core.environment:create_environment_scripts_only(openclaw_monitor)
[0.755s] INFO:colcon.colcon_core.shell:Creating package script '/workspace/install/openclaw_monitor/share/openclaw_monitor/package.ps1'
[0.756s] INFO:colcon.colcon_core.shell:Creating package descriptor '/workspace/install/openclaw_monitor/share/openclaw_monitor/package.dsv'
[0.756s] INFO:colcon.colcon_core.shell:Creating package script '/workspace/install/openclaw_monitor/share/openclaw_monitor/package.sh'
[0.757s] INFO:colcon.colcon_core.shell:Creating package script '/workspace/install/openclaw_monitor/share/openclaw_monitor/package.bash'
[0.757s] INFO:colcon.colcon_core.shell:Creating package script '/workspace/install/openclaw_monitor/share/openclaw_monitor/package.zsh'
[0.757s] Level 1:colcon.colcon_core.environment:create_file_with_runtime_dependencies(/workspace/install/openclaw_monitor/share/colcon-core/packages/openclaw_monitor)
[0.758s] Level 1:colcon.colcon_core.shell:create_environment_hook('openclaw', 'pythonpath_develop')
[0.758s] INFO:colcon.colcon_core.shell:Creating environment hook '/workspace/build/openclaw/share/openclaw/hook/pythonpath_develop.ps1'
[0.758s] DEBUG:colcon.colcon_core.event_handler.log_command:Invoked command in '/workspace/build/openclaw' returned '0': PYTHONPATH=/workspace/build/openclaw/prefix_override:/usr/lib/python3/dist-packages/colcon_core/task/python/colcon_distutils_commands:/workspace/install/openclaw/lib/python3.12/site-packages:${PYTHONPATH} /usr/bin/python3 -W ignore:setup.py install is deprecated -W ignore:easy_install command is deprecated setup.py develop --editable --build-directory /workspace/build/openclaw/build --no-deps symlink_data
[0.758s] INFO:colcon.colcon_core.shell:Creating environment descriptor '/workspace/build/openclaw/share/openclaw/hook/pythonpath_develop.dsv'
[0.759s] INFO:colcon.colcon_core.shell:Creating environment hook '/workspace/build/openclaw/share/openclaw/hook/pythonpath_develop.sh'
[0.759s] Level 1:colcon.colcon_core.environment:checking '/workspace/install/openclaw' for CMake module files
[0.759s] Level 1:colcon.colcon_core.environment:checking '/workspace/install/openclaw' for CMake config files
[0.759s] Level 1:colcon.colcon_core.environment:checking '/workspace/install/openclaw/lib'
[0.759s] Level 1:colcon.colcon_core.environment:checking '/workspace/install/openclaw/bin'
[0.759s] Level 1:colcon.colcon_core.shell:create_environment_hook('openclaw', 'path')
[0.759s] INFO:colcon.colcon_core.shell:Creating environment hook '/workspace/install/openclaw/share/openclaw/hook/path.ps1'
[0.760s] INFO:colcon.colcon_core.shell:Creating environment descriptor '/workspace/install/openclaw/share/openclaw/hook/path.dsv'
[0.760s] INFO:colcon.colcon_core.shell:Creating environment hook '/workspace/install/openclaw/share/openclaw/hook/path.sh'
[0.760s] Level 1:colcon.colcon_core.environment:checking '/workspace/install/openclaw/lib/pkgconfig/openclaw.pc'
[0.760s] Level 1:colcon.colcon_core.environment:checking '/workspace/install/openclaw/lib/python3.12/site-packages'
[0.760s] Level 1:colcon.colcon_core.shell:create_environment_hook('openclaw', 'pythonpath')
[0.760s] INFO:colcon.colcon_core.shell:Creating environment hook '/workspace/install/openclaw/share/openclaw/hook/pythonpath.ps1'
[0.760s] INFO:colcon.colcon_core.shell:Creating environment descriptor '/workspace/install/openclaw/share/openclaw/hook/pythonpath.dsv'
[0.760s] INFO:colcon.colcon_core.shell:Creating environment hook '/workspace/install/openclaw/share/openclaw/hook/pythonpath.sh'
[0.761s] Level 1:colcon.colcon_core.environment:checking '/workspace/install/openclaw/bin'
[0.761s] Level 1:colcon.colcon_core.shell:create_environment_hook('openclaw', 'pythonscriptspath')
[0.761s] INFO:colcon.colcon_core.shell:Creating environment hook '/workspace/install/openclaw/share/openclaw/hook/pythonscriptspath.ps1'
[0.761s] INFO:colcon.colcon_core.shell:Creating environment descriptor '/workspace/install/openclaw/share/openclaw/hook/pythonscriptspath.dsv'
[0.761s] INFO:colcon.colcon_core.shell:Creating environment hook '/workspace/install/openclaw/share/openclaw/hook/pythonscriptspath.sh'
[0.761s] Level 1:colcon.colcon_core.environment:create_environment_scripts_only(openclaw)
[0.761s] INFO:colcon.colcon_core.shell:Creating package script '/workspace/install/openclaw/share/openclaw/package.ps1'
[0.762s] INFO:colcon.colcon_core.shell:Creating package descriptor '/workspace/install/openclaw/share/openclaw/package.dsv'
[0.762s] INFO:colcon.colcon_core.shell:Creating package script '/workspace/install/openclaw/share/openclaw/package.sh'
[0.762s] INFO:colcon.colcon_core.shell:Creating package script '/workspace/install/openclaw/share/openclaw/package.bash'
[0.762s] INFO:colcon.colcon_core.shell:Creating package script '/workspace/install/openclaw/share/openclaw/package.zsh'
[0.763s] Level 1:colcon.colcon_core.environment:create_file_with_runtime_dependencies(/workspace/install/openclaw/share/colcon-core/packages/openclaw)
[1.783s] DEBUG:colcon.colcon_core.event_handler.log_command:Invoked command in '/workspace/build/openclaw_msgs' returned '0': /usr/bin/cmake /workspace/openclaw_msgs -DCATKIN_INSTALL_INTO_PREFIX_ROOT=0 -DCATKIN_SYMLINK_INSTALL=ON -DCMAKE_INSTALL_PREFIX=/workspace/install/openclaw_msgs
[1.784s] DEBUG:colcon.colcon_core.event_handler.log_command:Invoking command in '/workspace/build/openclaw_msgs': /usr/bin/cmake --build /workspace/build/openclaw_msgs -- -j32 -l32
[3.046s] DEBUG:colcon.colcon_core.event_handler.log_command:Invoked command in '/workspace/build/openclaw_msgs' returned '0': /usr/bin/cmake --build /workspace/build/openclaw_msgs -- -j32 -l32
[3.052s] DEBUG:colcon.colcon_core.event_handler.log_command:Invoking command in '/workspace/build/openclaw_msgs': /usr/bin/cmake --install /workspace/build/openclaw_msgs
[3.097s] DEBUG:colcon.colcon_core.event_handler.log_command:Invoked command in '/workspace/build/openclaw_msgs' returned '0': /usr/bin/cmake --install /workspace/build/openclaw_msgs
[3.097s] Level 1:colcon.colcon_core.shell:create_environment_hook('openclaw_msgs', 'ros_package_path')
[3.097s] INFO:colcon.colcon_core.shell:Creating environment hook '/workspace/install/openclaw_msgs/share/openclaw_msgs/hook/ros_package_path.ps1'
[3.097s] INFO:colcon.colcon_core.shell:Creating environment descriptor '/workspace/install/openclaw_msgs/share/openclaw_msgs/hook/ros_package_path.dsv'
[3.097s] INFO:colcon.colcon_core.shell:Creating environment hook '/workspace/install/openclaw_msgs/share/openclaw_msgs/hook/ros_package_path.sh'
[3.098s] Level 1:colcon.colcon_ros.task.catkin:checking '/workspace/install/openclaw_msgs/lib/python3.12/site-packages'
[3.098s] Level 1:colcon.colcon_core.shell:create_environment_hook('openclaw_msgs', 'catkin_pythonpath')
[3.098s] INFO:colcon.colcon_core.shell:Creating environment hook '/workspace/install/openclaw_msgs/share/openclaw_msgs/hook/catkin_pythonpath.ps1'
[3.098s] INFO:colcon.colcon_core.shell:Creating environment descriptor '/workspace/install/openclaw_msgs/share/openclaw_msgs/hook/catkin_pythonpath.dsv'
[3.098s] INFO:colcon.colcon_core.shell:Creating environment hook '/workspace/install/openclaw_msgs/share/openclaw_msgs/hook/catkin_pythonpath.sh'
[3.099s] Level 1:colcon.colcon_core.shell:create_environment_hook('openclaw_msgs', 'pkg_config_path')
[3.099s] INFO:colcon.colcon_core.shell:Creating environment hook '/workspace/install/openclaw_msgs/share/openclaw_msgs/hook/pkg_config_path.ps1'
[3.099s] INFO:colcon.colcon_core.shell:Creating environment descriptor '/workspace/install/openclaw_msgs/share/openclaw_msgs/hook/pkg_config_path.dsv'
[3.099s] INFO:colcon.colcon_core.shell:Creating environment hook '/workspace/install/openclaw_msgs/share/openclaw_msgs/hook/pkg_config_path.sh'
[3.100s] Level 1:colcon.colcon_core.shell:create_environment_hook('openclaw_msgs', 'pkg_config_path_multiarch')
[3.100s] INFO:colcon.colcon_core.shell:Creating environment hook '/workspace/install/openclaw_msgs/share/openclaw_msgs/hook/pkg_config_path_multiarch.ps1'
[3.101s] INFO:colcon.colcon_core.shell:Creating environment descriptor '/workspace/install/openclaw_msgs/share/openclaw_msgs/hook/pkg_config_path_multiarch.dsv'
[3.101s] INFO:colcon.colcon_core.shell:Creating environment hook '/workspace/install/openclaw_msgs/share/openclaw_msgs/hook/pkg_config_path_multiarch.sh'
[3.101s] Level 1:colcon.colcon_core.environment:create_environment_scripts_only(openclaw_msgs)
[3.102s] Level 1:colcon.colcon_core.environment:checking '/workspace/install/openclaw_msgs' for CMake module files
[3.102s] Level 1:colcon.colcon_core.environment:checking '/workspace/install/openclaw_msgs' for CMake config files
[3.102s] Level 1:colcon.colcon_core.shell:create_environment_hook('openclaw_msgs', 'cmake_prefix_path')
[3.102s] INFO:colcon.colcon_core.shell:Creating environment hook '/workspace/install/openclaw_msgs/share/openclaw_msgs/hook/cmake_prefix_path.ps1'
[3.103s] INFO:colcon.colcon_core.shell:Creating environment descriptor '/workspace/install/openclaw_msgs/share/openclaw_msgs/hook/cmake_prefix_path.dsv'
[3.103s] INFO:colcon.colcon_core.shell:Creating environment hook '/workspace/install/openclaw_msgs/share/openclaw_msgs/hook/cmake_prefix_path.sh'
[3.103s] Level 1:colcon.colcon_core.environment:checking '/workspace/install/openclaw_msgs/lib'
[3.103s] Level 1:colcon.colcon_core.shell:create_environment_hook('openclaw_msgs', 'ld_library_path_lib')
[3.103s] INFO:colcon.colcon_core.shell:Creating environment hook '/workspace/install/openclaw_msgs/share/openclaw_msgs/hook/ld_library_path_lib.ps1'
[3.103s] INFO:colcon.colcon_core.shell:Creating environment descriptor '/workspace/install/openclaw_msgs/share/openclaw_msgs/hook/ld_library_path_lib.dsv'
[3.103s] INFO:colcon.colcon_core.shell:Creating environment hook '/workspace/install/openclaw_msgs/share/openclaw_msgs/hook/ld_library_path_lib.sh'
[3.104s] Level 1:colcon.colcon_core.environment:checking '/workspace/install/openclaw_msgs/bin'
[3.104s] Level 1:colcon.colcon_core.environment:checking '/workspace/install/openclaw_msgs/lib/pkgconfig/openclaw_msgs.pc'
[3.104s] Level 1:colcon.colcon_core.environment:checking '/workspace/install/openclaw_msgs/lib/python3.12/site-packages'
[3.104s] Level 1:colcon.colcon_core.shell:create_environment_hook('openclaw_msgs', 'pythonpath')
[3.104s] INFO:colcon.colcon_core.shell:Creating environment hook '/workspace/install/openclaw_msgs/share/openclaw_msgs/hook/pythonpath.ps1'
[3.104s] INFO:colcon.colcon_core.shell:Creating environment descriptor '/workspace/install/openclaw_msgs/share/openclaw_msgs/hook/pythonpath.dsv'
[3.104s] INFO:colcon.colcon_core.shell:Creating environment hook '/workspace/install/openclaw_msgs/share/openclaw_msgs/hook/pythonpath.sh'
[3.105s] Level 1:colcon.colcon_core.environment:checking '/workspace/install/openclaw_msgs/bin'
[3.105s] INFO:colcon.colcon_core.shell:Creating package script '/workspace/install/openclaw_msgs/share/openclaw_msgs/package.ps1'
[3.105s] INFO:colcon.colcon_core.shell:Creating package descriptor '/workspace/install/openclaw_msgs/share/openclaw_msgs/package.dsv'
[3.105s] INFO:colcon.colcon_core.shell:Creating package script '/workspace/install/openclaw_msgs/share/openclaw_msgs/package.sh'
[3.106s] INFO:colcon.colcon_core.shell:Creating package script '/workspace/install/openclaw_msgs/share/openclaw_msgs/package.bash'
[3.106s] INFO:colcon.colcon_core.shell:Creating package script '/workspace/install/openclaw_msgs/share/openclaw_msgs/package.zsh'
[3.106s] Level 1:colcon.colcon_core.environment:create_file_with_runtime_dependencies(/workspace/install/openclaw_msgs/share/colcon-core/packages/openclaw_msgs)
[3.106s] DEBUG:colcon.colcon_parallel_executor.executor.parallel:closing loop
[3.107s] DEBUG:colcon.colcon_parallel_executor.executor.parallel:loop closed
[3.107s] DEBUG:colcon.colcon_parallel_executor.executor.parallel:run_until_complete finished with '0'
[3.107s] DEBUG:colcon.colcon_core.event_reactor:joining thread
[3.111s] INFO:colcon.colcon_core.plugin_system:Skipping extension 'colcon_notification.desktop_notification.notify_send': Could not find 'notify-send'
[3.111s] INFO:colcon.colcon_core.plugin_system:Skipping extension 'colcon_notification.desktop_notification.terminal_notifier': Not used on non-Darwin systems
[3.111s] INFO:colcon.colcon_core.plugin_system:Skipping extension 'colcon_notification.desktop_notification.win32': Not used on non-Windows systems
[3.111s] INFO:colcon.colcon_notification.desktop_notification:Sending desktop notification using 'notify2'
[3.111s] DEBUG:colcon.colcon_notification.desktop_notification.notify2:Failed to initialize notify2: org.freedesktop.DBus.Error.NotSupported: Unable to autolaunch a dbus-daemon without a $DISPLAY for X11
[3.111s] DEBUG:colcon.colcon_core.event_reactor:joined thread
[3.111s] INFO:colcon.colcon_core.shell:Creating prefix script '/workspace/install/local_setup.ps1'
[3.111s] INFO:colcon.colcon_core.shell:Creating prefix util module '/workspace/install/_local_setup_util_ps1.py'
[3.112s] INFO:colcon.colcon_core.shell:Creating prefix chain script '/workspace/install/setup.ps1'
[3.112s] INFO:colcon.colcon_core.shell:Creating prefix script '/workspace/install/local_setup.sh'
[3.113s] INFO:colcon.colcon_core.shell:Creating prefix util module '/workspace/install/_local_setup_util_sh.py'
[3.113s] INFO:colcon.colcon_core.shell:Creating prefix chain script '/workspace/install/setup.sh'
[3.113s] INFO:colcon.colcon_core.shell:Creating prefix script '/workspace/install/local_setup.bash'
[3.113s] INFO:colcon.colcon_core.shell:Creating prefix chain script '/workspace/install/setup.bash'
[3.114s] INFO:colcon.colcon_core.shell:Creating prefix script '/workspace/install/local_setup.zsh'
[3.114s] INFO:colcon.colcon_core.shell:Creating prefix chain script '/workspace/install/setup.zsh'
