-- The C compiler identification is GNU 13.3.0
-- The CXX compiler identification is GNU 13.3.0
-- Detecting C compiler ABI info
-- Detecting C compiler ABI info - done
-- Check for working C compiler: /usr/bin/cc - skipped
-- Detecting C compile features
-- Detecting C compile features - done
-- Detecting CXX compiler ABI info
-- Detecting CXX compiler ABI info - done
-- Check for working CXX compiler: /usr/bin/c++ - skipped
-- Detecting CXX compile features
-- Detecting CXX compile features - done
-- Found ament_cmake: 2.8.7 (/opt/ros/rolling/share/ament_cmake/cmake)
-- Found rosidl_default_generators: 1.8.1 (/opt/ros/rolling/share/rosidl_default_generators/cmake)
-- Using all available rosidl_typesupport_c: rosidl_typesupport_fastrtps_c;rosidl_typesupport_introspection_c
-- Using all available rosidl_typesupport_cpp: rosidl_typesupport_fastrtps_cpp;rosidl_typesupport_introspection_cpp
-- Found rosidl_adapter: 5.2.0 (/opt/ros/rolling/share/rosidl_adapter/cmake)
-- Found std_msgs: 5.9.2 (/opt/ros/rolling/share/std_msgs/cmake)
-- Found Python3: /usr/bin/python3 (found version "3.12.3") found components: Interpreter 
-- Using all available rosidl_typesupport_c: rosidl_typesupport_fastrtps_c;rosidl_typesupport_introspection_c
-- Using all available rosidl_typesupport_cpp: rosidl_typesupport_fastrtps_cpp;rosidl_typesupport_introspection_cpp
-- Found Python3: /usr/bin/python3 (found version "3.12.3") found components: Interpreter Development NumPy Development.Module Development.Embed 
-- Found Python3: /usr/bin/python3 (found version "3.12.3") found components: Interpreter 
-- Configuring done (1.4s)
-- Generating done (0.0s)
CMake Warning:
  Manually-specified variables were not used by the project:

    CATKIN_INSTALL_INTO_PREFIX_ROOT
    CATKIN_SYMLINK_INSTALL


-- Build files have been written to: /workspace/build/openclaw_msgs
[  5%] Generating type hashes for ROS interfaces
[  5%] Generating Rust code for ROS interfaces
[  5%] Built target openclaw_msgs__rosidl_generator_type_description
[  8%] Generating C code for ROS interfaces
[ 11%] Generating C++ code for ROS interfaces
[ 11%] Built target openclaw_msgs__rs
[ 11%] Built target openclaw_msgs__cpp
[ 17%] Building C object CMakeFiles/openclaw_msgs__rosidl_generator_c.dir/rosidl_generator_c/openclaw_msgs/msg/detail/task_status__type_support.c.o
[ 14%] Building C object CMakeFiles/openclaw_msgs__rosidl_generator_c.dir/rosidl_generator_c/openclaw_msgs/msg/detail/task_status__description.c.o
[ 20%] Building C object CMakeFiles/openclaw_msgs__rosidl_generator_c.dir/rosidl_generator_c/openclaw_msgs/msg/detail/task_status__functions.c.o
[ 22%] Linking C shared library libopenclaw_msgs__rosidl_generator_c.so
[ 22%] Built target openclaw_msgs__rosidl_generator_c
[ 25%] Generating C introspection for ROS interfaces
[ 28%] Generating C++ type support for eProsima Fast-RTPS
[ 31%] Generating C++ type support dispatch for ROS interfaces
[ 37%] Generating C type support dispatch for ROS interfaces
[ 37%] Generating C++ introspection for ROS interfaces
[ 40%] Generating C type support for eProsima Fast-RTPS
[ 42%] Building CXX object CMakeFiles/openclaw_msgs__rosidl_typesupport_c.dir/rosidl_typesupport_c/openclaw_msgs/msg/task_status__type_support.cpp.o
[ 45%] Building CXX object CMakeFiles/openclaw_msgs__rosidl_typesupport_cpp.dir/rosidl_typesupport_cpp/openclaw_msgs/msg/task_status__type_support.cpp.o
[ 48%] Building CXX object CMakeFiles/openclaw_msgs__rosidl_typesupport_introspection_cpp.dir/rosidl_typesupport_introspection_cpp/openclaw_msgs/msg/detail/task_status__type_support.cpp.o
[ 51%] Building CXX object CMakeFiles/openclaw_msgs__rosidl_typesupport_fastrtps_cpp.dir/rosidl_typesupport_fastrtps_cpp/openclaw_msgs/msg/detail/dds_fastrtps/task_status__type_support.cpp.o
[ 54%] Linking CXX shared library libopenclaw_msgs__rosidl_typesupport_c.so
[ 57%] Building C object CMakeFiles/openclaw_msgs__rosidl_typesupport_introspection_c.dir/rosidl_typesupport_introspection_c/openclaw_msgs/msg/detail/task_status__type_support.c.o
[ 60%] Building CXX object CMakeFiles/openclaw_msgs__rosidl_typesupport_fastrtps_c.dir/rosidl_typesupport_fastrtps_c/openclaw_msgs/msg/detail/task_status__type_support_c.cpp.o
[ 62%] Linking C shared library libopenclaw_msgs__rosidl_typesupport_introspection_c.so
[ 62%] Built target openclaw_msgs__rosidl_typesupport_c
[ 62%] Built target openclaw_msgs__rosidl_typesupport_introspection_c
[ 65%] Linking CXX shared library libopenclaw_msgs__rosidl_typesupport_cpp.so
[ 65%] Built target openclaw_msgs__rosidl_typesupport_cpp
[ 68%] Linking CXX shared library libopenclaw_msgs__rosidl_typesupport_introspection_cpp.so
[ 68%] Built target openclaw_msgs__rosidl_typesupport_introspection_cpp
[ 71%] Linking CXX shared library libopenclaw_msgs__rosidl_typesupport_fastrtps_c.so
[ 74%] Linking CXX shared library libopenclaw_msgs__rosidl_typesupport_fastrtps_cpp.so
[ 74%] Built target openclaw_msgs__rosidl_typesupport_fastrtps_c
[ 74%] Built target openclaw_msgs__rosidl_typesupport_fastrtps_cpp
[ 74%] Built target openclaw_msgs
[ 77%] Generating Python code for ROS interfaces
[ 77%] Built target openclaw_msgs__py
[ 80%] Building C object CMakeFiles/openclaw_msgs__rosidl_generator_py.dir/rosidl_generator_py/openclaw_msgs/msg/_task_status_s.c.o
[ 80%] Built target ament_cmake_python_sync_openclaw_msgs
[ 82%] Linking C shared library libopenclaw_msgs__rosidl_generator_py.so
[ 82%] Built target openclaw_msgs__rosidl_generator_py
running egg_info
creating openclaw_msgs.egg-info
[ 85%] Building C object CMakeFiles/openclaw_msgs_s__rosidl_typesupport_c.dir/rosidl_generator_py/openclaw_msgs/_openclaw_msgs_s.ep.rosidl_typesupport_c.c.o
[ 88%] Building C object CMakeFiles/openclaw_msgs_s__rosidl_typesupport_fastrtps_c.dir/rosidl_generator_py/openclaw_msgs/_openclaw_msgs_s.ep.rosidl_typesupport_fastrtps_c.c.o
[ 91%] Building C object CMakeFiles/openclaw_msgs_s__rosidl_typesupport_introspection_c.dir/rosidl_generator_py/openclaw_msgs/_openclaw_msgs_s.ep.rosidl_typesupport_introspection_c.c.o
writing openclaw_msgs.egg-info/PKG-INFO
writing dependency_links to openclaw_msgs.egg-info/dependency_links.txt
writing top-level names to openclaw_msgs.egg-info/top_level.txt
writing manifest file 'openclaw_msgs.egg-info/SOURCES.txt'
reading manifest file 'openclaw_msgs.egg-info/SOURCES.txt'
writing manifest file 'openclaw_msgs.egg-info/SOURCES.txt'
[ 91%] Built target ament_cmake_python_build_openclaw_msgs_egg
[ 94%] Linking C shared module rosidl_generator_py/openclaw_msgs/openclaw_msgs_s__rosidl_typesupport_c.so
[ 97%] Linking C shared module rosidl_generator_py/openclaw_msgs/openclaw_msgs_s__rosidl_typesupport_introspection_c.so
[100%] Linking C shared module rosidl_generator_py/openclaw_msgs/openclaw_msgs_s__rosidl_typesupport_fastrtps_c.so
[100%] Built target openclaw_msgs_s__rosidl_typesupport_c
[100%] Built target openclaw_msgs_s__rosidl_typesupport_introspection_c
[100%] Built target openclaw_msgs_s__rosidl_typesupport_fastrtps_c
-- Install configuration: ""
-- Installing: /workspace/install/openclaw_msgs/share/ament_index/resource_index/rosidl_interfaces/openclaw_msgs
-- Installing: /workspace/install/openclaw_msgs/share/openclaw_msgs/msg/TaskStatus.json
-- Installing: /workspace/install/openclaw_msgs/include/openclaw_msgs/openclaw_msgs
-- Installing: /workspace/install/openclaw_msgs/include/openclaw_msgs/openclaw_msgs/msg
-- Installing: /workspace/install/openclaw_msgs/include/openclaw_msgs/openclaw_msgs/msg/rosidl_generator_c__visibility_control.h
-- Installing: /workspace/install/openclaw_msgs/include/openclaw_msgs/openclaw_msgs/msg/task_status.h
-- Installing: /workspace/install/openclaw_msgs/include/openclaw_msgs/openclaw_msgs/msg/detail
-- Installing: /workspace/install/openclaw_msgs/include/openclaw_msgs/openclaw_msgs/msg/detail/task_status__type_support.h
-- Installing: /workspace/install/openclaw_msgs/include/openclaw_msgs/openclaw_msgs/msg/detail/task_status__functions.c
-- Installing: /workspace/install/openclaw_msgs/include/openclaw_msgs/openclaw_msgs/msg/detail/task_status__functions.h
-- Installing: /workspace/install/openclaw_msgs/include/openclaw_msgs/openclaw_msgs/msg/detail/task_status__description.c
-- Installing: /workspace/install/openclaw_msgs/include/openclaw_msgs/openclaw_msgs/msg/detail/task_status__type_support.c
-- Installing: /workspace/install/openclaw_msgs/include/openclaw_msgs/openclaw_msgs/msg/detail/task_status__struct.h
-- Installing: /workspace/install/openclaw_msgs/share/openclaw_msgs/environment/library_path.sh
-- Installing: /workspace/install/openclaw_msgs/share/openclaw_msgs/environment/library_path.dsv
-- Installing: /workspace/install/openclaw_msgs/lib/libopenclaw_msgs__rosidl_generator_c.so
-- Set non-toolchain portion of runtime path of "/workspace/install/openclaw_msgs/lib/libopenclaw_msgs__rosidl_generator_c.so" to ""
-- Up-to-date: /workspace/install/openclaw_msgs/include/openclaw_msgs/openclaw_msgs
-- Up-to-date: /workspace/install/openclaw_msgs/include/openclaw_msgs/openclaw_msgs/msg
-- Installing: /workspace/install/openclaw_msgs/include/openclaw_msgs/openclaw_msgs/msg/rosidl_typesupport_fastrtps_c__visibility_control.h
-- Up-to-date: /workspace/install/openclaw_msgs/include/openclaw_msgs/openclaw_msgs/msg/detail
-- Installing: /workspace/install/openclaw_msgs/include/openclaw_msgs/openclaw_msgs/msg/detail/task_status__rosidl_typesupport_fastrtps_c.h
-- Installing: /workspace/install/openclaw_msgs/lib/libopenclaw_msgs__rosidl_typesupport_fastrtps_c.so
-- Set non-toolchain portion of runtime path of "/workspace/install/openclaw_msgs/lib/libopenclaw_msgs__rosidl_typesupport_fastrtps_c.so" to ""
-- Up-to-date: /workspace/install/openclaw_msgs/include/openclaw_msgs/openclaw_msgs
-- Up-to-date: /workspace/install/openclaw_msgs/include/openclaw_msgs/openclaw_msgs/msg
-- Installing: /workspace/install/openclaw_msgs/include/openclaw_msgs/openclaw_msgs/msg/rosidl_typesupport_introspection_c__visibility_control.h
-- Up-to-date: /workspace/install/openclaw_msgs/include/openclaw_msgs/openclaw_msgs/msg/detail
-- Installing: /workspace/install/openclaw_msgs/include/openclaw_msgs/openclaw_msgs/msg/detail/task_status__rosidl_typesupport_introspection_c.h
-- Up-to-date: /workspace/install/openclaw_msgs/include/openclaw_msgs/openclaw_msgs/msg/detail/task_status__type_support.c
-- Installing: /workspace/install/openclaw_msgs/lib/libopenclaw_msgs__rosidl_typesupport_introspection_c.so
-- Set non-toolchain portion of runtime path of "/workspace/install/openclaw_msgs/lib/libopenclaw_msgs__rosidl_typesupport_introspection_c.so" to ""
-- Installing: /workspace/install/openclaw_msgs/lib/libopenclaw_msgs__rosidl_typesupport_c.so
-- Set non-toolchain portion of runtime path of "/workspace/install/openclaw_msgs/lib/libopenclaw_msgs__rosidl_typesupport_c.so" to ""
-- Up-to-date: /workspace/install/openclaw_msgs/include/openclaw_msgs/openclaw_msgs
-- Up-to-date: /workspace/install/openclaw_msgs/include/openclaw_msgs/openclaw_msgs/msg
-- Installing: /workspace/install/openclaw_msgs/include/openclaw_msgs/openclaw_msgs/msg/task_status.hpp
-- Installing: /workspace/install/openclaw_msgs/include/openclaw_msgs/openclaw_msgs/msg/rosidl_generator_cpp__visibility_control.hpp
-- Up-to-date: /workspace/install/openclaw_msgs/include/openclaw_msgs/openclaw_msgs/msg/detail
-- Installing: /workspace/install/openclaw_msgs/include/openclaw_msgs/openclaw_msgs/msg/detail/task_status__struct.hpp
-- Installing: /workspace/install/openclaw_msgs/include/openclaw_msgs/openclaw_msgs/msg/detail/task_status__type_support.hpp
-- Installing: /workspace/install/openclaw_msgs/include/openclaw_msgs/openclaw_msgs/msg/detail/task_status__builder.hpp
-- Installing: /workspace/install/openclaw_msgs/include/openclaw_msgs/openclaw_msgs/msg/detail/task_status__traits.hpp
-- Up-to-date: /workspace/install/openclaw_msgs/include/openclaw_msgs/openclaw_msgs
-- Up-to-date: /workspace/install/openclaw_msgs/include/openclaw_msgs/openclaw_msgs/msg
-- Installing: /workspace/install/openclaw_msgs/include/openclaw_msgs/openclaw_msgs/msg/rosidl_typesupport_fastrtps_cpp__visibility_control.h
-- Up-to-date: /workspace/install/openclaw_msgs/include/openclaw_msgs/openclaw_msgs/msg/detail
-- Installing: /workspace/install/openclaw_msgs/include/openclaw_msgs/openclaw_msgs/msg/detail/task_status__rosidl_typesupport_fastrtps_cpp.hpp
-- Installing: /workspace/install/openclaw_msgs/include/openclaw_msgs/openclaw_msgs/msg/detail/dds_fastrtps
-- Installing: /workspace/install/openclaw_msgs/lib/libopenclaw_msgs__rosidl_typesupport_fastrtps_cpp.so
-- Set non-toolchain portion of runtime path of "/workspace/install/openclaw_msgs/lib/libopenclaw_msgs__rosidl_typesupport_fastrtps_cpp.so" to ""
-- Up-to-date: /workspace/install/openclaw_msgs/include/openclaw_msgs/openclaw_msgs
-- Up-to-date: /workspace/install/openclaw_msgs/include/openclaw_msgs/openclaw_msgs/msg
-- Up-to-date: /workspace/install/openclaw_msgs/include/openclaw_msgs/openclaw_msgs/msg/detail
-- Installing: /workspace/install/openclaw_msgs/include/openclaw_msgs/openclaw_msgs/msg/detail/task_status__type_support.cpp
-- Installing: /workspace/install/openclaw_msgs/include/openclaw_msgs/openclaw_msgs/msg/detail/task_status__rosidl_typesupport_introspection_cpp.hpp
-- Installing: /workspace/install/openclaw_msgs/lib/libopenclaw_msgs__rosidl_typesupport_introspection_cpp.so
-- Set non-toolchain portion of runtime path of "/workspace/install/openclaw_msgs/lib/libopenclaw_msgs__rosidl_typesupport_introspection_cpp.so" to ""
-- Installing: /workspace/install/openclaw_msgs/lib/libopenclaw_msgs__rosidl_typesupport_cpp.so
-- Set non-toolchain portion of runtime path of "/workspace/install/openclaw_msgs/lib/libopenclaw_msgs__rosidl_typesupport_cpp.so" to ""
-- Installing: /workspace/install/openclaw_msgs/share/openclaw_msgs/environment/pythonpath.sh
-- Installing: /workspace/install/openclaw_msgs/share/openclaw_msgs/environment/pythonpath.dsv
-- Installing: /workspace/install/openclaw_msgs/lib/python3.12/site-packages/openclaw_msgs/openclaw_msgs_s__rosidl_typesupport_fastrtps_c.so
-- Set non-toolchain portion of runtime path of "/workspace/install/openclaw_msgs/lib/python3.12/site-packages/openclaw_msgs/openclaw_msgs_s__rosidl_typesupport_fastrtps_c.so" to ""
-- Installing: /workspace/install/openclaw_msgs/lib/python3.12/site-packages/openclaw_msgs/openclaw_msgs_s__rosidl_typesupport_introspection_c.so
-- Set non-toolchain portion of runtime path of "/workspace/install/openclaw_msgs/lib/python3.12/site-packages/openclaw_msgs/openclaw_msgs_s__rosidl_typesupport_introspection_c.so" to ""
-- Installing: /workspace/install/openclaw_msgs/lib/python3.12/site-packages/openclaw_msgs/openclaw_msgs_s__rosidl_typesupport_c.so
-- Set non-toolchain portion of runtime path of "/workspace/install/openclaw_msgs/lib/python3.12/site-packages/openclaw_msgs/openclaw_msgs_s__rosidl_typesupport_c.so" to ""
-- Installing: /workspace/install/openclaw_msgs/lib/libopenclaw_msgs__rosidl_generator_py.so
-- Set non-toolchain portion of runtime path of "/workspace/install/openclaw_msgs/lib/libopenclaw_msgs__rosidl_generator_py.so" to ""
-- Installing: /workspace/install/openclaw_msgs/share/ament_index/resource_index/rust_packages/openclaw_msgs
-- Installing: /workspace/install/openclaw_msgs/share/openclaw_msgs/rust
-- Installing: /workspace/install/openclaw_msgs/share/openclaw_msgs/rust/Cargo.toml
-- Installing: /workspace/install/openclaw_msgs/share/openclaw_msgs/rust/src
-- Installing: /workspace/install/openclaw_msgs/share/openclaw_msgs/rust/src/lib.rs
-- Installing: /workspace/install/openclaw_msgs/share/openclaw_msgs/rust/src/msg.rs
-- Installing: /workspace/install/openclaw_msgs/share/openclaw_msgs/rust/src/msg
-- Installing: /workspace/install/openclaw_msgs/share/openclaw_msgs/rust/src/msg/rmw.rs
-- Installing: /workspace/install/openclaw_msgs/share/openclaw_msgs/rust/build.rs
-- Installing: /workspace/install/openclaw_msgs/share/openclaw_msgs/msg/TaskStatus.idl
-- Installing: /workspace/install/openclaw_msgs/share/openclaw_msgs/msg/TaskStatus.msg
-- Installing: /workspace/install/openclaw_msgs/share/ament_index/resource_index/package_run_dependencies/openclaw_msgs
-- Installing: /workspace/install/openclaw_msgs/share/ament_index/resource_index/parent_prefix_path/openclaw_msgs
-- Installing: /workspace/install/openclaw_msgs/share/openclaw_msgs/environment/ament_prefix_path.sh
-- Installing: /workspace/install/openclaw_msgs/share/openclaw_msgs/environment/ament_prefix_path.dsv
-- Installing: /workspace/install/openclaw_msgs/share/openclaw_msgs/environment/path.sh
-- Installing: /workspace/install/openclaw_msgs/share/openclaw_msgs/environment/path.dsv
-- Installing: /workspace/install/openclaw_msgs/share/openclaw_msgs/local_setup.bash
-- Installing: /workspace/install/openclaw_msgs/share/openclaw_msgs/local_setup.fish
-- Installing: /workspace/install/openclaw_msgs/share/openclaw_msgs/local_setup.sh
-- Installing: /workspace/install/openclaw_msgs/share/openclaw_msgs/local_setup.zsh
-- Installing: /workspace/install/openclaw_msgs/share/openclaw_msgs/local_setup.dsv
-- Installing: /workspace/install/openclaw_msgs/share/openclaw_msgs/package.dsv
-- Installing: /workspace/install/openclaw_msgs/share/ament_index/resource_index/packages/openclaw_msgs
-- Installing: /workspace/install/openclaw_msgs/share/openclaw_msgs/cmake/export_openclaw_msgs__rosidl_generator_cExport.cmake
-- Installing: /workspace/install/openclaw_msgs/share/openclaw_msgs/cmake/export_openclaw_msgs__rosidl_generator_cExport-noconfig.cmake
-- Installing: /workspace/install/openclaw_msgs/share/openclaw_msgs/cmake/export_openclaw_msgs__rosidl_typesupport_fastrtps_cExport.cmake
-- Installing: /workspace/install/openclaw_msgs/share/openclaw_msgs/cmake/export_openclaw_msgs__rosidl_typesupport_fastrtps_cExport-noconfig.cmake
-- Installing: /workspace/install/openclaw_msgs/share/openclaw_msgs/cmake/openclaw_msgs__rosidl_typesupport_introspection_cExport.cmake
-- Installing: /workspace/install/openclaw_msgs/share/openclaw_msgs/cmake/openclaw_msgs__rosidl_typesupport_introspection_cExport-noconfig.cmake
-- Installing: /workspace/install/openclaw_msgs/share/openclaw_msgs/cmake/openclaw_msgs__rosidl_typesupport_cExport.cmake
-- Installing: /workspace/install/openclaw_msgs/share/openclaw_msgs/cmake/openclaw_msgs__rosidl_typesupport_cExport-noconfig.cmake
-- Installing: /workspace/install/openclaw_msgs/share/openclaw_msgs/cmake/export_openclaw_msgs__rosidl_generator_cppExport.cmake
-- Installing: /workspace/install/openclaw_msgs/share/openclaw_msgs/cmake/export_openclaw_msgs__rosidl_typesupport_fastrtps_cppExport.cmake
-- Installing: /workspace/install/openclaw_msgs/share/openclaw_msgs/cmake/export_openclaw_msgs__rosidl_typesupport_fastrtps_cppExport-noconfig.cmake
-- Installing: /workspace/install/openclaw_msgs/share/openclaw_msgs/cmake/openclaw_msgs__rosidl_typesupport_introspection_cppExport.cmake
-- Installing: /workspace/install/openclaw_msgs/share/openclaw_msgs/cmake/openclaw_msgs__rosidl_typesupport_introspection_cppExport-noconfig.cmake
-- Installing: /workspace/install/openclaw_msgs/share/openclaw_msgs/cmake/openclaw_msgs__rosidl_typesupport_cppExport.cmake
-- Installing: /workspace/install/openclaw_msgs/share/openclaw_msgs/cmake/openclaw_msgs__rosidl_typesupport_cppExport-noconfig.cmake
-- Installing: /workspace/install/openclaw_msgs/share/openclaw_msgs/cmake/export_openclaw_msgs__rosidl_generator_pyExport.cmake
-- Installing: /workspace/install/openclaw_msgs/share/openclaw_msgs/cmake/export_openclaw_msgs__rosidl_generator_pyExport-noconfig.cmake
-- Installing: /workspace/install/openclaw_msgs/lib/python3.12/site-packages/openclaw_msgs-0.1.0-py3.12.egg-info
-- Installing: /workspace/install/openclaw_msgs/lib/python3.12/site-packages/openclaw_msgs-0.1.0-py3.12.egg-info/PKG-INFO
-- Installing: /workspace/install/openclaw_msgs/lib/python3.12/site-packages/openclaw_msgs-0.1.0-py3.12.egg-info/SOURCES.txt
-- Installing: /workspace/install/openclaw_msgs/lib/python3.12/site-packages/openclaw_msgs-0.1.0-py3.12.egg-info/top_level.txt
-- Installing: /workspace/install/openclaw_msgs/lib/python3.12/site-packages/openclaw_msgs-0.1.0-py3.12.egg-info/dependency_links.txt
-- Up-to-date: /workspace/install/openclaw_msgs/lib/python3.12/site-packages/openclaw_msgs
-- Installing: /workspace/install/openclaw_msgs/lib/python3.12/site-packages/openclaw_msgs/__init__.py
-- Up-to-date: /workspace/install/openclaw_msgs/lib/python3.12/site-packages/openclaw_msgs/openclaw_msgs_s__rosidl_typesupport_fastrtps_c.so
-- Installing: /workspace/install/openclaw_msgs/lib/python3.12/site-packages/openclaw_msgs/_openclaw_msgs_s.ep.rosidl_typesupport_c.c
-- Up-to-date: /workspace/install/openclaw_msgs/lib/python3.12/site-packages/openclaw_msgs/openclaw_msgs_s__rosidl_typesupport_introspection_c.so
-- Installing: /workspace/install/openclaw_msgs/lib/python3.12/site-packages/openclaw_msgs/py.typed
-- Installing: /workspace/install/openclaw_msgs/lib/python3.12/site-packages/openclaw_msgs/_openclaw_msgs_s.ep.rosidl_typesupport_fastrtps_c.c
-- Installing: /workspace/install/openclaw_msgs/lib/python3.12/site-packages/openclaw_msgs/_openclaw_msgs_s.ep.rosidl_typesupport_introspection_c.c
-- Installing: /workspace/install/openclaw_msgs/lib/python3.12/site-packages/openclaw_msgs/msg
-- Installing: /workspace/install/openclaw_msgs/lib/python3.12/site-packages/openclaw_msgs/msg/__init__.py
-- Installing: /workspace/install/openclaw_msgs/lib/python3.12/site-packages/openclaw_msgs/msg/_task_status.py
-- Installing: /workspace/install/openclaw_msgs/lib/python3.12/site-packages/openclaw_msgs/msg/_task_status_s.c
-- Up-to-date: /workspace/install/openclaw_msgs/lib/python3.12/site-packages/openclaw_msgs/openclaw_msgs_s__rosidl_typesupport_c.so
Listing '/workspace/install/openclaw_msgs/lib/python3.12/site-packages/openclaw_msgs'...
Compiling '/workspace/install/openclaw_msgs/lib/python3.12/site-packages/openclaw_msgs/__init__.py'...
Listing '/workspace/install/openclaw_msgs/lib/python3.12/site-packages/openclaw_msgs/msg'...
Compiling '/workspace/install/openclaw_msgs/lib/python3.12/site-packages/openclaw_msgs/msg/__init__.py'...
Compiling '/workspace/install/openclaw_msgs/lib/python3.12/site-packages/openclaw_msgs/msg/_task_status.py'...
-- Installing: /workspace/install/openclaw_msgs/share/openclaw_msgs/cmake/rosidl_cmake-extras.cmake
-- Installing: /workspace/install/openclaw_msgs/share/openclaw_msgs/cmake/ament_cmake_export_include_directories-extras.cmake
-- Installing: /workspace/install/openclaw_msgs/share/openclaw_msgs/cmake/ament_cmake_export_libraries-extras.cmake
-- Installing: /workspace/install/openclaw_msgs/share/openclaw_msgs/cmake/ament_cmake_export_targets-extras.cmake
-- Installing: /workspace/install/openclaw_msgs/share/openclaw_msgs/cmake/rosidl_cmake_export_typesupport_targets-extras.cmake
-- Installing: /workspace/install/openclaw_msgs/share/openclaw_msgs/cmake/ament_cmake_export_dependencies-extras.cmake
-- Installing: /workspace/install/openclaw_msgs/share/openclaw_msgs/cmake/rosidl_cmake_export_typesupport_libraries-extras.cmake
-- Installing: /workspace/install/openclaw_msgs/share/openclaw_msgs/cmake/rosidl_cmake_aggregate_target-extras.cmake
-- Installing: /workspace/install/openclaw_msgs/share/openclaw_msgs/cmake/openclaw_msgsConfig.cmake
-- Installing: /workspace/install/openclaw_msgs/share/openclaw_msgs/cmake/openclaw_msgsConfig-version.cmake
-- Installing: /workspace/install/openclaw_msgs/share/openclaw_msgs/package.xml
